<?xml version="1.0" encoding="UTF-8"?>
<!-- Generated by org.testng.reporters.JUnitReportReporter -->
<testsuite hostname="DESKTOP-T2N432B" failures="0" tests="1" name="com.testvagrant.assignment.qa.test.WeatherReportingComparatorTest" time="13.930" errors="0" timestamp="2021-03-23T13:11:31 IST" skipped="0">
  <testcase classname="com.testvagrant.assignment.qa.test.WeatherReportingComparatorTest" name="testThatValidateWeatherReport" time="13.930"/>
</testsuite> <!-- com.testvagrant.assignment.qa.test.WeatherReportingComparatorTest -->
