<?xml version="1.0" encoding="UTF-8"?>
<!-- Generated by org.testng.reporters.JUnitReportReporter -->
<testsuite hostname="DESKTOP-T2N432B" failures="0" tests="1" name="com.testvagrant.assignment.qa.test.SampleGoogleTest" time="8.526" errors="0" timestamp="2021-03-22T16:36:38 IST" skipped="0">
  <testcase classname="com.testvagrant.assignment.qa.test.SampleGoogleTest" name="testVerifyFindResultsArea_01" time="8.526"/>
</testsuite> <!-- com.testvagrant.assignment.qa.test.SampleGoogleTest -->
